0	03:29:12.035	Compiling 'MACD Sample'
0	03:29:12.035	Compiling 'Moving Average'
0	03:29:16.091	Compiling 'Accelerator'
0	03:29:16.091	Compiling 'Accumulation'
0	03:29:16.091	Compiling 'Alligator'
0	03:29:16.091	Compiling 'ATR'
0	03:29:16.091	Compiling 'Awesome'
0	03:29:16.091	Compiling 'Bands'
0	03:29:16.091	Compiling 'Bears'
0	03:29:16.091	Compiling 'Bulls'
0	03:29:16.092	Compiling 'CCI'
0	03:29:16.092	Compiling 'Custom Moving Averages'
0	03:29:16.092	Compiling 'Heiken Ashi'
0	03:29:16.092	Compiling 'Ichimoku'
0	03:29:16.092	Compiling 'iExposure'
0	03:29:16.092	Compiling 'MACD'
0	03:29:16.092	Compiling 'Momentum'
0	03:29:16.092	Compiling 'OsMA'
0	03:29:16.092	Compiling 'Parabolic'
0	03:29:16.093	Compiling 'RSI'
0	03:29:16.093	Compiling 'Stochastic'
0	03:29:16.093	Compiling 'ZigZag'
0	03:29:16.094	Compiling 'SimplePanel'
0	03:29:26.255	Compiling 'PeriodConverter'
0	03:29:26.256	Compiling 'DLLSampleTester'
0	03:29:26.257	Compiling 'PipeClient'
0	03:29:26.258	Compiling 'PipeClientPure'
0	03:29:31.165	Compiling 'stdlib'
